<?xml version="1.0" encoding="UTF-8"?>
<robot generator="Robot 6.0.1 (Python 3.10.3 on darwin)" generated="20230110 21:03:21.118" rpa="false" schemaversion="3">
<suite id="s1" name="HttpBinTests" source="/Users/kelbystine/GitHub/you-got-robot-in-python/DemoTests/HttpBinTests.robot">
<kw name="Create HTTP Bin Session" library="HttpBinLibrary" type="SETUP">
<msg timestamp="20230110 21:03:21.166" level="TRACE">Arguments: [  ]</msg>
<msg timestamp="20230110 21:03:21.167" level="INFO">Creating Session using : alias=gnome_alias, url=http://localhost:8086, headers={'accept': 'application/json'},                     cookies={}, auth=None, timeout=None, proxies=None, verify=False,                     debug=0 </msg>
<msg timestamp="20230110 21:03:21.167" level="DEBUG">Creating session: gnome_alias</msg>
<msg timestamp="20230110 21:03:21.167" level="TRACE">Return: None</msg>
<status status="PASS" starttime="20230110 21:03:21.166" endtime="20230110 21:03:21.167"/>
</kw>
<test id="s1-t1" name="Verify Get Request Header Contains Server Information" line="23">
<kw name="Get HTTP Method" library="HttpBinLibrary">
<var>${response}</var>
<msg timestamp="20230110 21:03:21.167" level="TRACE">Arguments: [  ]</msg>
<msg timestamp="20230110 21:03:21.202" level="INFO">GET Request : url=http://localhost:8086/get 
 path_url=/get 
 headers={'User-Agent': 'python-requests/2.28.1', 'Accept-Encoding': 'gzip, deflate', 'accept': 'application/json', 'Connection': 'keep-alive'} 
 body=None 
 </msg>
<msg timestamp="20230110 21:03:21.203" level="INFO">GET Response : url=http://localhost:8086/get 
 status=200, reason=OK 
 headers={'Server': 'gunicorn/19.9.0', 'Date': 'Wed, 11 Jan 2023 03:03:21 GMT', 'Connection': 'keep-alive', 'Content-Type': 'application/json', 'Content-Length': '287', 'Access-Control-Allow-Origin': '*', 'Access-Control-Allow-Credentials': 'true'} 
 body={
  "args": {}, 
  "headers": {
    "Accept": "application/json", 
    "Accept-Encoding": "gzip, deflate", 
    "Connection": "keep-alive", 
    "Host": "localhost:8086", 
    "User-Agent": "python-requests/2.28.1"
  }, 
  "origin": "172.17.0.1", 
  "url": "http://localhost:8086/get"
}
 
 </msg>
<msg timestamp="20230110 21:03:21.203" level="TRACE">Return: &lt;Response [200]&gt;</msg>
<msg timestamp="20230110 21:03:21.203" level="INFO">${response} = &lt;Response [200]&gt;</msg>
<status status="PASS" starttime="20230110 21:03:21.167" endtime="20230110 21:03:21.203"/>
</kw>
<kw name="Get From Dictionary" library="Collections">
<var>${actual_server_information}</var>
<arg>${response.headers}</arg>
<arg>Server</arg>
<doc>Returns a value from the given ``dictionary`` based on the given ``key``.</doc>
<msg timestamp="20230110 21:03:21.203" level="TRACE">Arguments: [ {'Server': 'gunicorn/19.9.0', 'Date': 'Wed, 11 Jan 2023 03:03:21 GMT', 'Connection': 'keep-alive', 'Content-Type': 'application/json', 'Content-Length': '287', 'Access-Control-Allow-Origin': '*', 'Access-Control-Allow-Credentials': 'true'} | 'Server' ]</msg>
<msg timestamp="20230110 21:03:21.203" level="TRACE">Return: 'gunicorn/19.9.0'</msg>
<msg timestamp="20230110 21:03:21.203" level="INFO">${actual_server_information} = gunicorn/19.9.0</msg>
<status status="PASS" starttime="20230110 21:03:21.203" endtime="20230110 21:03:21.203"/>
</kw>
<kw name="Should Be Equal" library="BuiltIn">
<arg>${EXPECTED_SERVER_INFORMATION}</arg>
<arg>${actual_server_information}</arg>
<doc>Fails if the given objects are unequal.</doc>
<msg timestamp="20230110 21:03:21.203" level="TRACE">Arguments: [ 'gunicorn/19.9.0' | 'gunicorn/19.9.0' ]</msg>
<msg timestamp="20230110 21:03:21.204" level="DEBUG">Argument types are:
&lt;class 'str'&gt;
&lt;class 'str'&gt;</msg>
<msg timestamp="20230110 21:03:21.204" level="TRACE">Return: None</msg>
<status status="PASS" starttime="20230110 21:03:21.203" endtime="20230110 21:03:21.204"/>
</kw>
<doc>Calls a get method and verifies the server information</doc>
<status status="PASS" starttime="20230110 21:03:21.167" endtime="20230110 21:03:21.204"/>
</test>
<test id="s1-t2" name="Verify Post Dynamic Data Contains Url" line="29">
<kw name="Post Dynamic Data" library="HttpBinLibrary">
<var>${response}</var>
<arg>${DELAY}</arg>
<msg timestamp="20230110 21:03:21.204" level="TRACE">Arguments: [ '2' ]</msg>
<msg timestamp="20230110 21:03:23.234" level="INFO">POST Request : url=http://localhost:8086/delay/2 
 path_url=/delay/2 
 headers={'User-Agent': 'python-requests/2.28.1', 'Accept-Encoding': 'gzip, deflate', 'accept': 'application/json', 'Connection': 'keep-alive', 'Content-Length': '0'} 
 body=None 
 </msg>
<msg timestamp="20230110 21:03:23.234" level="INFO">POST Response : url=http://localhost:8086/delay/2 
 status=200, reason=OK 
 headers={'Server': 'gunicorn/19.9.0', 'Date': 'Wed, 11 Jan 2023 03:03:23 GMT', 'Connection': 'keep-alive', 'Content-Type': 'application/json', 'Content-Length': '365', 'Access-Control-Allow-Origin': '*', 'Access-Control-Allow-Credentials': 'true'} 
 body={
  "args": {}, 
  "data": "", 
  "files": {}, 
  "form": {}, 
  "headers": {
    "Accept": "application/json", 
    "Accept-Encoding": "gzip, deflate", 
    "Connection": "keep-alive", 
    "Content-Length": "0", 
    "Host": "localhost:8086", 
    "User-Agent": "python-requests/2.28.1"
  }, 
  "origin": "172.17.0.1", 
  "url": "http://localhost:8086/delay/2"
}
 
 </msg>
<msg timestamp="20230110 21:03:23.234" level="TRACE">Return: &lt;Response [200]&gt;</msg>
<msg timestamp="20230110 21:03:23.234" level="INFO">${response} = &lt;Response [200]&gt;</msg>
<status status="PASS" starttime="20230110 21:03:21.204" endtime="20230110 21:03:23.234"/>
</kw>
<kw name="Get From Dictionary" library="Collections">
<var>${actual_url}</var>
<arg>${response.json()}</arg>
<arg>url</arg>
<doc>Returns a value from the given ``dictionary`` based on the given ``key``.</doc>
<msg timestamp="20230110 21:03:23.235" level="TRACE">Arguments: [ {'args': {},
 'data': '',
 'files': {},
 'form': {},
 'headers': {'Accept': 'application/json',
             'Accept-Encoding': 'gzip, deflate',
             'Connection': 'keep-alive',
             'Content-Length': '0',
             'Host': 'localhost:8086',
             'User-Agent': 'python-requests/2.28.1'},
 'origin': '172.17.0.1',
 'url': 'http://localhost:8086/delay/2'} | 'url' ]</msg>
<msg timestamp="20230110 21:03:23.236" level="TRACE">Return: 'http://localhost:8086/delay/2'</msg>
<msg timestamp="20230110 21:03:23.236" level="INFO">${actual_url} = http://localhost:8086/delay/2</msg>
<status status="PASS" starttime="20230110 21:03:23.235" endtime="20230110 21:03:23.236"/>
</kw>
<kw name="Should Be Equal" library="BuiltIn">
<arg>${EXPECTED_URL}</arg>
<arg>${actual_url}</arg>
<doc>Fails if the given objects are unequal.</doc>
<msg timestamp="20230110 21:03:23.236" level="TRACE">Arguments: [ 'http://localhost:8086/delay/2' | 'http://localhost:8086/delay/2' ]</msg>
<msg timestamp="20230110 21:03:23.236" level="DEBUG">Argument types are:
&lt;class 'str'&gt;
&lt;class 'str'&gt;</msg>
<msg timestamp="20230110 21:03:23.237" level="TRACE">Return: None</msg>
<status status="PASS" starttime="20230110 21:03:23.236" endtime="20230110 21:03:23.237"/>
</kw>
<doc>Calls the post dynamic data and verifies the url key from the response</doc>
<status status="PASS" starttime="20230110 21:03:21.204" endtime="20230110 21:03:23.237"/>
</test>
<test id="s1-t3" name="Verify Alias" line="35">
<kw name="Get HTTP Bin Alias" library="HttpBinLibrary">
<var>${expected_alias}</var>
<msg timestamp="20230110 21:03:23.238" level="TRACE">Arguments: [  ]</msg>
<msg timestamp="20230110 21:03:23.238" level="TRACE">Return: 'gnome_alias'</msg>
<msg timestamp="20230110 21:03:23.238" level="INFO">${expected_alias} = gnome_alias</msg>
<status status="PASS" starttime="20230110 21:03:23.237" endtime="20230110 21:03:23.238"/>
</kw>
<kw name="Session Exists" library="RequestsLibrary">
<var>${is_alias}</var>
<arg>${expected_alias}</arg>
<doc>Return True if the session has been already created</doc>
<msg timestamp="20230110 21:03:23.238" level="TRACE">Arguments: [ 'gnome_alias' ]</msg>
<msg timestamp="20230110 21:03:23.238" level="TRACE">Return: True</msg>
<msg timestamp="20230110 21:03:23.238" level="INFO">${is_alias} = True</msg>
<status status="PASS" starttime="20230110 21:03:23.238" endtime="20230110 21:03:23.238"/>
</kw>
<kw name="Should Be True" library="BuiltIn">
<arg>${is_alias}</arg>
<doc>Fails if the given condition is not true.</doc>
<msg timestamp="20230110 21:03:23.238" level="TRACE">Arguments: [ True ]</msg>
<msg timestamp="20230110 21:03:23.239" level="TRACE">Return: None</msg>
<status status="PASS" starttime="20230110 21:03:23.238" endtime="20230110 21:03:23.239"/>
</kw>
<doc>Verify that session created by other library exists</doc>
<status status="PASS" starttime="20230110 21:03:23.237" endtime="20230110 21:03:23.239"/>
</test>
<kw name="Delete All Sessions" library="RequestsLibrary" type="TEARDOWN">
<doc>Removes all the session objects</doc>
<msg timestamp="20230110 21:03:23.239" level="TRACE">Arguments: [  ]</msg>
<msg timestamp="20230110 21:03:23.240" level="INFO">Deleting All Sessions</msg>
<msg timestamp="20230110 21:03:23.240" level="TRACE">Return: None</msg>
<status status="PASS" starttime="20230110 21:03:23.239" endtime="20230110 21:03:23.240"/>
</kw>
<doc>Example of how you can pull external scripts back into Robot Framework</doc>
<status status="PASS" starttime="20230110 21:03:21.119" endtime="20230110 21:03:23.240"/>
</suite>
<statistics>
<total>
<stat pass="3" fail="0" skip="0">All Tests</stat>
</total>
<tag>
</tag>
<suite>
<stat pass="3" fail="0" skip="0" id="s1" name="HttpBinTests">HttpBinTests</stat>
</suite>
</statistics>
<errors>
</errors>
</robot>
